<?xml version="1.0" encoding="UTF-8"?>
<!-- Generated by org.testng.reporters.JUnitReportReporter -->
<testsuite skipped="3" hostname="DESKTOP-PO91V4R" name="com.tvisha1.Test2" tests="3" failures="0" timestamp="01 Dec 2017 13:53:15 GMT" time="0.000" errors="0">
  <testcase name="test2" time="0.000" classname="com.tvisha1.Test2">
    <skipped/>
  </testcase> <!-- test2 -->
  <testcase name="test1" time="0.000" classname="com.tvisha1.Test2">
    <skipped/>
  </testcase> <!-- test1 -->
  <testcase name="proposal_met" time="0.000" classname="com.tvisha1.Test2">
    <skipped/>
  </testcase> <!-- proposal_met -->
</testsuite> <!-- com.tvisha1.Test2 -->
