<?xml version="1.0" encoding="UTF-8"?>
<!-- Generated by org.testng.reporters.JUnitReportReporter -->
<testsuite skipped="1" hostname="DESKTOP-PO91V4R" name="com.tvisha1.Test" tests="1" failures="0" timestamp="01 Dec 2017 13:53:15 GMT" time="0.000" errors="0">
  <testcase name="test1" time="0.000" classname="com.tvisha1.Test">
    <skipped/>
  </testcase> <!-- test1 -->
</testsuite> <!-- com.tvisha1.Test -->
